<?xml version="1.0" encoding="UTF-8"?>
<testng-results skipped="0" failed="0" ignored="0" total="1" passed="1">
  <reporter-output>
  </reporter-output>
  <suite name="Default suite" duration-ms="235" started-at="2019-05-14T11:12:43Z" finished-at="2019-05-14T11:12:43Z">
    <groups>
    </groups>
    <test name="Default test" duration-ms="235" started-at="2019-05-14T11:12:43Z" finished-at="2019-05-14T11:12:43Z">
      <class name="Test.ConversionDemo">
        <test-method status="PASS" signature="ConvertTesting()[pri:0, instance:Test.ConversionDemo@1efea79]" name="ConvertTesting" duration-ms="211" started-at="2019-05-14T11:12:43Z" finished-at="2019-05-14T11:12:43Z">
          <reporter-output>
          </reporter-output>
        </test-method> <!-- ConvertTesting -->
      </class> <!-- Test.ConversionDemo -->
    </test> <!-- Default test -->
  </suite> <!-- Default suite -->
</testng-results>
